<?xml version="1.0" encoding="UTF-8"?>
<!-- Generated by org.testng.reporters.JUnitReportReporter -->
<testsuite hostname="DESKTOP-GET1OHG" failures="0" tests="3" name="day06.Program5" time="0.027" errors="0" timestamp="2023-03-31T08:48:27 IST" skipped="0">
  <testcase classname="day06.Program5" name="testCases03" time="0.003"/>
  <system-out/>
  <testcase classname="day06.Program5" name="testCases01" time="0.020"/>
  <system-out/>
  <testcase classname="day06.Program5" name="testCases02" time="0.004"/>
  <system-out/>
</testsuite> <!-- day06.Program5 -->
