<?xml version="1.0" encoding="UTF-8"?>
<!-- Generated by org.testng.reporters.JUnitReportReporter -->
<testsuite hostname="DESKTOP-GET1OHG" failures="0" tests="3" name="day06.Program7" time="0.006" errors="0" timestamp="2023-03-31T08:55:39 IST" skipped="0">
  <testcase classname="day06.Program7" name="testCases010" time="0.002"/>
  <system-out/>
  <testcase classname="day06.Program7" name="testCases07" time="0.003"/>
  <system-out/>
  <testcase classname="day06.Program7" name="testCases09" time="0.001"/>
  <system-out/>
</testsuite> <!-- day06.Program7 -->
