<?xml version="1.0" encoding="UTF-8"?>
<!-- Generated by org.testng.reporters.JUnitReportReporter -->
<testsuite hostname="DESKTOP-GET1OHG" failures="0" tests="12" name="day06.Program4" time="0.033" errors="0" timestamp="2023-03-31T08:33:16 IST" skipped="0">
  <testcase classname="day06.Program4" name="testCases02" time="0.013"/>
  <system-out/>
  <testcase classname="day06.Program4" name="testCases03" time="0.004"/>
  <system-out/>
  <testcase classname="day06.Program4" name="testCases01" time="0.002"/>
  <system-out/>
  <testcase classname="day06.Program4" name="testCases01" time="0.002"/>
  <system-out/>
  <testcase classname="day06.Program4" name="testCases01" time="0.002"/>
  <system-out/>
  <testcase classname="day06.Program4" name="testCases01" time="0.002"/>
  <system-out/>
  <testcase classname="day06.Program4" name="testCases01" time="0.001"/>
  <system-out/>
  <testcase classname="day06.Program4" name="testCases01" time="0.001"/>
  <system-out/>
  <testcase classname="day06.Program4" name="testCases01" time="0.002"/>
  <system-out/>
  <testcase classname="day06.Program4" name="testCases01" time="0.001"/>
  <system-out/>
  <testcase classname="day06.Program4" name="testCases01" time="0.001"/>
  <system-out/>
  <testcase classname="day06.Program4" name="testCases01" time="0.002"/>
  <system-out/>
</testsuite> <!-- day06.Program4 -->
