<?xml version="1.0" encoding="UTF-8"?>
<!-- Generated by org.testng.reporters.JUnitReportReporter -->
<testsuite hostname="DESKTOP-GET1OHG" failures="0" tests="2" name="day08.Program4" time="44.618" errors="0" timestamp="2023-04-05T08:48:28 IST" skipped="0">
  <testcase classname="day08.Program4" name="testCase_Edge_2" time="31.038"/>
  <system-out/>
  <testcase classname="day08.Program4" name="testCase_Edge_1" time="13.580"/>
  <system-out/>
</testsuite> <!-- day08.Program4 -->
