<?xml version="1.0" encoding="UTF-8"?>
<!-- Generated by org.testng.reporters.JUnitReportReporter -->
<testsuite hostname="DESKTOP-GET1OHG" failures="0" tests="2" name="day08.Program3" time="60.268" errors="0" timestamp="2023-04-05T08:48:28 IST" skipped="0">
  <testcase classname="day08.Program3" name="testCase_Chrome_1" time="31.179"/>
  <system-out/>
  <testcase classname="day08.Program3" name="testCase_Chrome_2" time="29.089"/>
  <system-out/>
</testsuite> <!-- day08.Program3 -->
