<?xml version="1.0" encoding="UTF-8"?>
<!-- Generated by org.testng.reporters.JUnitReportReporter -->
<testsuite hostname="DESKTOP-GET1OHG" failures="0" tests="4" name="day08.Program2" time="57.776" errors="0" timestamp="2023-04-05T08:43:54 IST" skipped="0">
  <testcase classname="day08.Program2" name="testCase_Edge_2" time="15.175"/>
  <system-out/>
  <testcase classname="day08.Program2" name="testCase_Edge_1" time="16.994"/>
  <system-out/>
  <testcase classname="day08.Program2" name="testCase_Chrome_1" time="12.425"/>
  <system-out/>
  <testcase classname="day08.Program2" name="testCase_Chrome_2" time="13.182"/>
  <system-out/>
</testsuite> <!-- day08.Program2 -->
