<?xml version="1.0" encoding="UTF-8"?>
<!-- Generated by org.testng.reporters.JUnitReportReporter -->
<testsuite hostname="DESKTOP-GET1OHG" failures="0" tests="2" name="day06.Program1" time="0.015" errors="0" timestamp="2023-03-31T08:55:39 IST" skipped="0">
  <testcase classname="day06.Program1" name="testCases02" time="0.003"/>
  <system-out/>
  <testcase classname="day06.Program1" name="testCases04" time="0.012"/>
  <system-out/>
</testsuite> <!-- day06.Program1 -->
