<?xml version="1.0" encoding="UTF-8"?>
<!-- Generated by org.testng.reporters.JUnitReportReporter -->
<testsuite hostname="DESKTOP-GET1OHG" failures="0" tests="3" name="day07.Program3" time="33.044" errors="0" timestamp="2023-04-03T08:53:30 IST" skipped="0">
  <testcase classname="day07.Program3" name="testCase" time="12.334"/>
  <system-out/>
  <testcase classname="day07.Program3" name="testCase" time="10.292"/>
  <system-out/>
  <testcase classname="day07.Program3" name="testCase" time="10.418"/>
  <system-out/>
</testsuite> <!-- day07.Program3 -->
