<?xml version="1.0" encoding="UTF-8"?>
<!-- Generated by org.testng.reporters.JUnitReportReporter -->
<testsuite hostname="DESKTOP-GET1OHG" failures="0" tests="5" name="day06.Program3" time="0.026" errors="0" timestamp="2023-03-31T08:29:47 IST" skipped="2">
  <testcase classname="day06.Program3" name="testCases01" time="0.014"/>
  <system-out/>
  <testcase classname="day06.Program3" name="testCases02" time="0.007"/>
  <system-out/>
  <testcase classname="day06.Program3" name="testCases03" time="0.005"/>
  <system-out/>
  <testcase classname="day06.Program3" name="testCases04">
    <skipped/>
  </testcase> <!-- testCases04 -->
  <system-out/>
  <testcase classname="day06.Program3" name="testCases05">
    <skipped/>
  </testcase> <!-- testCases05 -->
  <system-out/>
</testsuite> <!-- day06.Program3 -->
