<?xml version="1.0" encoding="UTF-8"?>
<!-- Generated by org.testng.reporters.JUnitReportReporter -->
<testsuite hostname="DESKTOP-GET1OHG" failures="0" tests="2" name="day07.Program1" time="0.014" errors="0" timestamp="2023-04-03T08:36:47 IST" skipped="0">
  <testcase classname="day07.Program1" name="testcase01" time="0.011"/>
  <system-out/>
  <testcase classname="day07.Program1" name="testcase03" time="0.003"/>
  <system-out/>
</testsuite> <!-- day07.Program1 -->
