<?xml version="1.0" encoding="UTF-8"?>
<!-- Generated by org.testng.reporters.JUnitReportReporter -->
<testsuite hostname="DESKTOP-GET1OHG" failures="0" tests="5" name="day06.Program2" time="0.026" errors="0" timestamp="2023-03-31T08:27:35 IST" skipped="0">
  <testcase classname="day06.Program2" name="testCases01" time="0.013"/>
  <system-out/>
  <testcase classname="day06.Program2" name="testCases04" time="0.002"/>
  <system-out/>
  <testcase classname="day06.Program2" name="testCases05" time="0.003"/>
  <system-out/>
  <testcase classname="day06.Program2" name="testCases03" time="0.004"/>
  <system-out/>
  <testcase classname="day06.Program2" name="testCases02" time="0.004"/>
  <system-out/>
</testsuite> <!-- day06.Program2 -->
